History start
2020-01-15T10:20:28 - Remove unused code
2020-01-15T18:19:55 - Update documentation
2020-01-15T11:31:59 - Initial setup
2020-01-15T18:00:48 - Initial setup
2020-01-15T11:38:21 - Fix bug in logic
2020-01-15T09:47:04 - Add new feature
2020-01-10T09:04:53 - Improve UI/UX
2020-01-10T14:47:57 - Add new feature
2020-01-10T18:17:12 - Remove unused code
2020-01-10T12:22:01 - Improve UI/UX
2020-01-13T17:25:38 - Remove unused code
2020-01-13T10:07:53 - Add tests
2020-01-22T11:57:01 - Improve UI/UX
2020-01-22T16:25:55 - Remove unused code
2020-01-22T18:36:07 - Add new feature
2020-01-22T10:54:50 - Add tests
2020-01-22T16:20:55 - Improve performance
2020-01-22T18:24:46 - Update documentation
2020-01-22T09:33:00 - Fix bug in logic
2020-01-17T13:23:14 - Update documentation
2020-01-17T14:05:52 - Add new feature
2020-01-17T09:30:53 - Refactor code structure
2020-01-17T09:03:36 - Update documentation
2020-01-23T17:19:14 - Add new feature
2020-01-23T13:12:40 - Initial setup
2020-01-21T09:37:47 - Add new feature
2020-01-21T10:47:19 - Fix bug in logic
2020-01-21T17:09:03 - Minor cleanup
2020-01-29T09:14:18 - Update documentation
2020-01-29T13:28:53 - Remove unused code
2020-01-29T15:18:24 - Fix bug in logic
2020-01-29T16:59:08 - Add tests
2020-01-29T09:20:55 - Improve UI/UX
2020-01-24T14:51:50 - Refactor code structure
2020-01-24T10:50:09 - Remove unused code
2020-01-24T18:01:14 - Add new feature
2020-01-24T09:31:50 - Fix bug in logic
2020-01-24T18:07:12 - Update documentation
2020-01-24T15:24:09 - Initial setup
2020-01-24T13:38:07 - Add new feature
2020-01-30T17:23:41 - Add tests
2020-01-30T10:58:30 - Improve UI/UX
2020-01-30T15:13:51 - Add tests
2020-02-05T14:27:47 - Fix bug in logic
2020-02-05T14:09:29 - Update documentation
2020-02-06T11:12:21 - Improve UI/UX
2020-02-06T17:57:21 - Add new feature
